0 info it worked if it ends with ok
1 verbose cli [ 'node', '/usr/local/bin/npm', 'install', '-g', 'q' ]
2 info using npm@1.4.28
3 info using node@v0.10.33
4 verbose cache add [ 'q', null ]
5 verbose cache add name=undefined spec="q" args=["q",null]
6 verbose parsed url { protocol: null,
6 verbose parsed url   slashes: null,
6 verbose parsed url   auth: null,
6 verbose parsed url   host: null,
6 verbose parsed url   port: null,
6 verbose parsed url   hostname: null,
6 verbose parsed url   hash: null,
6 verbose parsed url   search: null,
6 verbose parsed url   query: null,
6 verbose parsed url   pathname: 'q',
6 verbose parsed url   path: 'q',
6 verbose parsed url   href: 'q' }
7 silly lockFile 22ea1c64-q q
8 verbose lock q /Users/richard/.npm/22ea1c64-q.lock
9 silly lockFile 22ea1c64-q q
10 silly lockFile 22ea1c64-q q
11 verbose addNamed [ 'q', '' ]
12 verbose addNamed [ null, '*' ]
13 silly lockFile f83edb5d-q q@
14 verbose lock q@ /Users/richard/.npm/f83edb5d-q.lock
15 silly addNameRange { name: 'q', range: '*', hasData: false }
16 verbose request where is /q
17 verbose request registry https://registry.npmjs.org/
18 verbose request id 455602bccb13e9ac
19 verbose url raw /q
20 verbose url resolving [ 'https://registry.npmjs.org/', './q' ]
21 verbose url resolved https://registry.npmjs.org/q
22 verbose request where is https://registry.npmjs.org/q
23 info trying registry request attempt 1 at 23:04:24
24 verbose etag "DPTLL4W1WUILRCM4649P72NWQ"
25 http GET https://registry.npmjs.org/q
26 http 200 https://registry.npmjs.org/q
27 silly registry.get cb [ 200,
27 silly registry.get   { date: 'Tue, 13 Jan 2015 23:04:24 GMT',
27 silly registry.get     server: 'CouchDB/1.5.0 (Erlang OTP/R16B03)',
27 silly registry.get     etag: '"AGVLWBZLCUHLKGDO5E8MTBJQ4"',
27 silly registry.get     'content-type': 'application/json',
27 silly registry.get     'cache-control': 'max-age=60',
27 silly registry.get     'content-length': '131160',
27 silly registry.get     'accept-ranges': 'bytes',
27 silly registry.get     via: '1.1 varnish',
27 silly registry.get     age: '41',
27 silly registry.get     'x-served-by': 'cache-lhr6324-LHR',
27 silly registry.get     'x-cache': 'HIT',
27 silly registry.get     'x-cache-hits': '1',
27 silly registry.get     'x-timer': 'S1421190264.889830,VS0,VE1',
27 silly registry.get     vary: 'Accept',
27 silly registry.get     'keep-alive': 'timeout=10, max=50',
27 silly registry.get     connection: 'Keep-Alive' } ]
28 silly addNameRange number 2 { name: 'q', range: '*', hasData: true }
29 silly addNameRange versions [ 'q',
29 silly addNameRange   [ '0.0.0',
29 silly addNameRange     '0.0.1',
29 silly addNameRange     '0.0.2',
29 silly addNameRange     '0.0.3',
29 silly addNameRange     '0.1.0',
29 silly addNameRange     '0.1.1',
29 silly addNameRange     '0.1.2',
29 silly addNameRange     '0.1.3',
29 silly addNameRange     '0.1.4',
29 silly addNameRange     '0.1.5',
29 silly addNameRange     '0.1.6',
29 silly addNameRange     '0.1.7',
29 silly addNameRange     '0.1.8',
29 silly addNameRange     '0.1.9',
29 silly addNameRange     '0.2.0-rc1',
29 silly addNameRange     '0.2.0',
29 silly addNameRange     '0.2.1',
29 silly addNameRange     '0.2.2',
29 silly addNameRange     '0.2.3',
29 silly addNameRange     '0.2.4',
29 silly addNameRange     '0.2.5',
29 silly addNameRange     '0.2.6',
29 silly addNameRange     '0.2.7',
29 silly addNameRange     '0.2.8',
29 silly addNameRange     '0.2.9',
29 silly addNameRange     '0.3.0',
29 silly addNameRange     '0.2.10',
29 silly addNameRange     '0.4.0',
29 silly addNameRange     '0.4.1',
29 silly addNameRange     '0.4.2',
29 silly addNameRange     '0.4.4',
29 silly addNameRange     '0.5.0',
29 silly addNameRange     '0.5.1',
29 silly addNameRange     '0.5.2',
29 silly addNameRange     '0.5.3',
29 silly addNameRange     '0.6.0',
29 silly addNameRange     '0.7.0',
29 silly addNameRange     '0.7.1',
29 silly addNameRange     '0.7.2',
29 silly addNameRange     '0.8.0',
29 silly addNameRange     '0.8.1',
29 silly addNameRange     '0.8.2',
29 silly addNameRange     '0.8.3',
29 silly addNameRange     '0.8.4',
29 silly addNameRange     '0.8.5',
29 silly addNameRange     '0.8.6',
29 silly addNameRange     '0.8.7',
29 silly addNameRange     '0.8.8',
29 silly addNameRange     '0.8.9',
29 silly addNameRange     '0.8.10',
29 silly addNameRange     '0.8.11',
29 silly addNameRange     '0.8.12',
29 silly addNameRange     '0.9.0',
29 silly addNameRange     '0.9.1',
29 silly addNameRange     '0.9.2',
29 silly addNameRange     '0.9.3',
29 silly addNameRange     '0.9.4',
29 silly addNameRange     '0.9.5',
29 silly addNameRange     '0.9.6',
29 silly addNameRange     '0.9.7',
29 silly addNameRange     '1.0.0',
29 silly addNameRange     '1.0.1',
29 silly addNameRange     '2.0.0',
29 silly addNameRange     '2.0.1',
29 silly addNameRange     '2.0.2',
29 silly addNameRange     '1.1.0',
29 silly addNameRange     '1.1.1',
29 silly addNameRange     '1.1.2' ] ]
30 verbose addNamed [ 'q', '1.1.2' ]
31 verbose addNamed [ '1.1.2', '1.1.2' ]
32 silly lockFile e953b1ec-q-1-1-2 q@1.1.2
33 verbose lock q@1.1.2 /Users/richard/.npm/e953b1ec-q-1-1-2.lock
34 silly lockFile cf0717ec-registry-npmjs-org-q-q-1-1-2-tgz https://registry.npmjs.org/q/-/q-1.1.2.tgz
35 verbose lock https://registry.npmjs.org/q/-/q-1.1.2.tgz /Users/richard/.npm/cf0717ec-registry-npmjs-org-q-q-1-1-2-tgz.lock
36 verbose addRemoteTarball [ 'https://registry.npmjs.org/q/-/q-1.1.2.tgz',
36 verbose addRemoteTarball   '6357e291206701d99f197ab84e57e8ad196f2a89' ]
37 info retry fetch attempt 1 at 23:04:25
38 verbose fetch to= /var/folders/wd/tc66zydj4d12j5055tphxx5h0000gn/T/npm-1115-PlGnxjaP/registry.npmjs.org/q/-/q-1.1.2.tgz
39 http GET https://registry.npmjs.org/q/-/q-1.1.2.tgz
40 http 200 https://registry.npmjs.org/q/-/q-1.1.2.tgz
41 silly lockFile cf0717ec-registry-npmjs-org-q-q-1-1-2-tgz https://registry.npmjs.org/q/-/q-1.1.2.tgz
42 silly lockFile cf0717ec-registry-npmjs-org-q-q-1-1-2-tgz https://registry.npmjs.org/q/-/q-1.1.2.tgz
43 silly lockFile e953b1ec-q-1-1-2 q@1.1.2
44 silly lockFile e953b1ec-q-1-1-2 q@1.1.2
45 silly lockFile f83edb5d-q q@
46 silly lockFile f83edb5d-q q@
47 error Error: EACCES, mkdir '/Users/richard/.npm/q/1.1.2'
47 error  { [Error: EACCES, mkdir '/Users/richard/.npm/q/1.1.2'] errno: 3, code: 'EACCES', path: '/Users/richard/.npm/q/1.1.2' }
48 error Please try running this command again as root/Administrator.
49 error System Darwin 13.4.0
50 error command "node" "/usr/local/bin/npm" "install" "-g" "q"
51 error cwd /Users/richard/development/javascript/richardUtils/src/promises
52 error node -v v0.10.33
53 error npm -v 1.4.28
54 error path /Users/richard/.npm/q/1.1.2
55 error code EACCES
56 error errno 3
57 error stack Error: EACCES, mkdir '/Users/richard/.npm/q/1.1.2'
58 verbose exit [ 3, true ]
